Base path: D:/Program Files/Unity/Editor/Data
Pipe name: \\.\pipe\UnityShaderCompiler-3-9788
Cmd: getPlatforms
Cmd: compileSnippet
  api=1 type=1 insize=19335 outsize=325 kw= ok=1
Cmd: compileSnippet
  api=4 type=1 insize=19342 outsize=3915 kw= ok=1
Cmd: compileSnippet
  api=4 type=1 insize=19346 outsize=7571 kw= ok=1
Cmd: compileSnippet
  api=4 type=1 insize=19335 outsize=827 kw= ok=1
Cmd: compileSnippet
  api=4 type=0 insize=19345 outsize=1298 kw= ok=1
Cmd: compileSnippet
  api=1 type=0 insize=19333 outsize=318 kw= ok=1
Cmd: compileSnippet
  api=4 type=1 insize=19342 outsize=3484 kw= ok=1
Cmd: compileSnippet
  api=4 type=1 insize=19353 outsize=4654 kw= ok=1
Cmd: compileSnippet
  api=1 type=1 insize=19333 outsize=750 kw= ok=1
Cmd: compileSnippet
  api=4 type=0 insize=19350 outsize=1298 kw= ok=1
Unhandled exception: Readfile from pipe failed. GLE=The pipe has been ended.


Quitting shader compiler process
