Base path: D:/Program Files/Unity/Editor/Data
Pipe name: \\.\pipe\UnityShaderCompiler-4-12352
Cmd: getPlatforms
Cmd: compileSnippet
  api=1 type=0 insize=19342 outsize=595 kw= ok=1
Cmd: compileSnippet
  api=4 type=0 insize=19325 outsize=1298 kw= ok=1
Cmd: compileSnippet
  api=1 type=0 insize=19328 outsize=318 kw= ok=1
Cmd: compileSnippet
  api=1 type=1 insize=19345 outsize=323 kw= ok=1
Cmd: compileSnippet
  api=4 type=1 insize=19338 outsize=1217 kw= ok=1
Cmd: compileSnippet
  api=4 type=1 insize=19333 outsize=3086 kw= ok=1
Cmd: compileSnippet
  api=4 type=1 insize=19329 outsize=1542 kw= ok=1
Cmd: compileSnippet
  api=4 type=0 insize=19327 outsize=1298 kw= ok=1
Cmd: compileSnippet
  api=1 type=1 insize=19343 outsize=7825 kw= ok=1
Cmd: compileSnippet
  api=4 type=1 insize=19331 outsize=762 kw= ok=1
Unhandled exception: Readfile from pipe failed. GLE=The pipe has been ended.


Quitting shader compiler process
