Base path: D:/Program Files/Unity/Editor/Data
Pipe name: \\.\pipe\UnityShaderCompiler-5-6736
Cmd: getPlatforms
Cmd: compileSnippet
  api=4 type=0 insize=19342 outsize=2095 kw= ok=1
Cmd: compileSnippet
  api=4 type=0 insize=19346 outsize=2095 kw= ok=1
Cmd: compileSnippet
  api=4 type=1 insize=19325 outsize=648 kw= ok=1
Cmd: compileSnippet
  api=1 type=1 insize=19335 outsize=151 kw= ok=1
Cmd: compileSnippet
  api=4 type=0 insize=19338 outsize=1298 kw= ok=1
Cmd: compileSnippet
  api=4 type=1 insize=19345 outsize=1802 kw= ok=1
Cmd: compileSnippet
  api=4 type=0 insize=19342 outsize=1298 kw= ok=1
Cmd: compileSnippet
  api=4 type=0 insize=19344 outsize=1298 kw= ok=1
Unhandled exception: Readfile from pipe failed. GLE=The pipe has been ended.


Quitting shader compiler process
