Base path: D:/Program Files/Unity/Editor/Data
Pipe name: \\.\pipe\UnityShaderCompiler-8-8656
Cmd: getPlatforms
Cmd: compileSnippet
  api=4 type=0 insize=19328 outsize=1298 kw= ok=1
Cmd: compileSnippet
  api=4 type=0 insize=19335 outsize=1298 kw= ok=1
Cmd: compileSnippet
  api=1 type=0 insize=19338 outsize=318 kw= ok=1
Cmd: compileSnippet
  api=1 type=0 insize=19342 outsize=318 kw= ok=1
Cmd: compileSnippet
  api=4 type=0 insize=19334 outsize=1298 kw= ok=1
Cmd: compileSnippet
  api=1 type=0 insize=19343 outsize=318 kw= ok=1
Cmd: compileSnippet
  api=4 type=0 insize=19331 outsize=1298 kw= ok=1
Cmd: compileSnippet
  api=1 type=1 insize=19350 outsize=66 kw= ok=1
Unhandled exception: Readfile from pipe failed. GLE=The pipe has been ended.


Quitting shader compiler process
