Base path: D:/Program Files/Unity/Editor/Data
Pipe name: \\.\pipe\UnityShaderCompiler-7-7520
Cmd: getPlatforms
Cmd: compileSnippet
  api=4 type=1 insize=19341 outsize=1412 kw= ok=1
Cmd: compileSnippet
  api=4 type=0 insize=19345 outsize=1298 kw= ok=1
Cmd: compileSnippet
  api=1 type=1 insize=19333 outsize=9343 kw= ok=1
Cmd: compileSnippet
  api=4 type=0 insize=19329 outsize=1298 kw= ok=1
Cmd: compileSnippet
  api=4 type=1 insize=19334 outsize=1388 kw= ok=1
Cmd: compileSnippet
  api=1 type=1 insize=19335 outsize=14835 kw= ok=1
Cmd: compileSnippet
  api=1 type=0 insize=19353 outsize=595 kw= ok=1
Cmd: compileSnippet
  api=1 type=0 insize=19333 outsize=413 kw= ok=1
Cmd: compileSnippet
  api=4 type=1 insize=19350 outsize=648 kw= ok=1
Unhandled exception: Readfile from pipe failed. GLE=The pipe has been ended.


Quitting shader compiler process
